0 info it worked if it ends with ok
1 verbose cli [ 'C:\\Program Files\\nodejs\\node.exe',
1 verbose cli   'C:\\Program Files\\nodejs\\node_modules\\npm\\bin\\npm-cli.js',
1 verbose cli   'install',
1 verbose cli   '-g',
1 verbose cli   'n' ]
2 info using npm@1.4.28
3 info using node@v0.10.32
4 verbose cache add [ 'n', null ]
5 verbose cache add name=undefined spec="n" args=["n",null]
6 verbose parsed url { protocol: null,
6 verbose parsed url   slashes: null,
6 verbose parsed url   auth: null,
6 verbose parsed url   host: null,
6 verbose parsed url   port: null,
6 verbose parsed url   hostname: null,
6 verbose parsed url   hash: null,
6 verbose parsed url   search: null,
6 verbose parsed url   query: null,
6 verbose parsed url   pathname: 'n',
6 verbose parsed url   path: 'n',
6 verbose parsed url   href: 'n' }
7 silly lockFile d1854cae-n n
8 verbose lock n C:\Users\ssumit\AppData\Roaming\npm-cache\d1854cae-n.lock
9 silly lockFile d1854cae-n n
10 silly lockFile d1854cae-n n
11 verbose addNamed [ 'n', '' ]
12 verbose addNamed [ null, '*' ]
13 silly lockFile 6b58d7dc-n n@
14 verbose lock n@ C:\Users\ssumit\AppData\Roaming\npm-cache\6b58d7dc-n.lock
15 silly addNameRange { name: 'n', range: '*', hasData: false }
16 verbose request where is /n
17 verbose request registry https://registry.npmjs.org/
18 verbose request id 41fd5932f3afce4f
19 verbose url raw /n
20 verbose url resolving [ 'https://registry.npmjs.org/', './n' ]
21 verbose url resolved https://registry.npmjs.org/n
22 verbose request where is https://registry.npmjs.org/n
23 info trying registry request attempt 1 at 13:35:59
24 http GET https://registry.npmjs.org/n
25 http 200 https://registry.npmjs.org/n
26 silly registry.get cb [ 200,
26 silly registry.get   { server: 'CouchDB/1.5.0 (Erlang OTP/R16B03)',
26 silly registry.get     etag: '"A6DLH7V5AU2GX4ZWDFIR89JJE"',
26 silly registry.get     'content-type': 'application/json',
26 silly registry.get     'cache-control': 'max-age=60',
26 silly registry.get     'content-length': '47819',
26 silly registry.get     'accept-ranges': 'bytes',
26 silly registry.get     date: 'Fri, 31 Jul 2015 07:06:00 GMT',
26 silly registry.get     via: '1.1 varnish',
26 silly registry.get     age: '29',
26 silly registry.get     connection: 'keep-alive',
26 silly registry.get     'x-served-by': 'cache-atl6223-ATL',
26 silly registry.get     'x-cache': 'HIT',
26 silly registry.get     'x-cache-hits': '1',
26 silly registry.get     'x-timer': 'S1438326360.638709,VS0,VE1',
26 silly registry.get     vary: 'Accept' } ]
27 silly addNameRange number 2 { name: 'n', range: '*', hasData: true }
28 silly addNameRange versions [ 'n',
28 silly addNameRange   [ '0.0.1',
28 silly addNameRange     '0.0.2',
28 silly addNameRange     '0.0.3',
28 silly addNameRange     '0.0.4',
28 silly addNameRange     '0.1.0',
28 silly addNameRange     '0.1.1',
28 silly addNameRange     '0.1.2',
28 silly addNameRange     '0.2.0',
28 silly addNameRange     '0.2.1',
28 silly addNameRange     '0.2.2',
28 silly addNameRange     '0.3.0',
28 silly addNameRange     '0.4.0',
28 silly addNameRange     '0.4.1',
28 silly addNameRange     '0.4.2',
28 silly addNameRange     '0.5.0',
28 silly addNameRange     '0.5.1',
28 silly addNameRange     '0.5.2',
28 silly addNameRange     '0.5.3',
28 silly addNameRange     '0.5.4',
28 silly addNameRange     '0.6.0',
28 silly addNameRange     '0.6.1',
28 silly addNameRange     '0.7.0',
28 silly addNameRange     '0.7.1',
28 silly addNameRange     '0.7.2',
28 silly addNameRange     '0.7.3',
28 silly addNameRange     '0.8.0',
28 silly addNameRange     '0.8.1',
28 silly addNameRange     '0.8.2',
28 silly addNameRange     '0.9.0',
28 silly addNameRange     '0.9.1',
28 silly addNameRange     '0.9.2',
28 silly addNameRange     '0.9.3',
28 silly addNameRange     '1.0.0',
28 silly addNameRange     '1.1.0',
28 silly addNameRange     '1.2.1',
28 silly addNameRange     '1.2.2',
28 silly addNameRange     '1.2.3',
28 silly addNameRange     '1.2.4',
28 silly addNameRange     '1.2.5',
28 silly addNameRange     '1.2.6',
28 silly addNameRange     '1.2.7',
28 silly addNameRange     '1.2.8',
28 silly addNameRange     '1.2.9',
28 silly addNameRange     '1.2.11',
28 silly addNameRange     '1.2.13',
28 silly addNameRange     '1.2.14',
28 silly addNameRange     '1.3.0',
28 silly addNameRange     '1.4.0',
28 silly addNameRange     '2.0.0',
28 silly addNameRange     '1.4.1',
28 silly addNameRange     '2.0.1' ] ]
29 verbose addNamed [ 'n', '2.0.1' ]
30 verbose addNamed [ '2.0.1', '2.0.1' ]
31 silly lockFile d13bfc7e-n-2-0-1 n@2.0.1
32 verbose lock n@2.0.1 C:\Users\ssumit\AppData\Roaming\npm-cache\d13bfc7e-n-2-0-1.lock
33 silly lockFile d1b20b4a-registry-npmjs-org-n-n-2-0-1-tgz https://registry.npmjs.org/n/-/n-2.0.1.tgz
34 verbose lock https://registry.npmjs.org/n/-/n-2.0.1.tgz C:\Users\ssumit\AppData\Roaming\npm-cache\d1b20b4a-registry-npmjs-org-n-n-2-0-1-tgz.lock
35 verbose addRemoteTarball [ 'https://registry.npmjs.org/n/-/n-2.0.1.tgz',
35 verbose addRemoteTarball   'b327196797e9cd2d48f6d1fe6a8191ec4a92c4c1' ]
36 info retry fetch attempt 1 at 13:36:01
37 verbose fetch to= C:\cygwin64\tmp\npm-8932-Sl89-Wai\registry.npmjs.org\n\-\n-2.0.1.tgz
38 http GET https://registry.npmjs.org/n/-/n-2.0.1.tgz
39 http 200 https://registry.npmjs.org/n/-/n-2.0.1.tgz
40 silly lockFile d1b20b4a-registry-npmjs-org-n-n-2-0-1-tgz https://registry.npmjs.org/n/-/n-2.0.1.tgz
41 silly lockFile d1b20b4a-registry-npmjs-org-n-n-2-0-1-tgz https://registry.npmjs.org/n/-/n-2.0.1.tgz
42 silly lockFile d13bfc7e-n-2-0-1 n@2.0.1
43 silly lockFile d13bfc7e-n-2-0-1 n@2.0.1
44 silly lockFile 6b58d7dc-n n@
45 silly lockFile 6b58d7dc-n n@
46 silly resolved [ { name: 'n',
46 silly resolved     description: 'node version manager',
46 silly resolved     version: '2.0.1',
46 silly resolved     author: { name: 'TJ Holowaychuk', email: 'tj@vision-media.ca' },
46 silly resolved     homepage: 'https://github.com/tj/n',
46 silly resolved     bugs: { url: 'https://github.com/tj/n/issues' },
46 silly resolved     contributors: [ [Object] ],
46 silly resolved     keywords:
46 silly resolved      [ 'nvm',
46 silly resolved        'node',
46 silly resolved        'version',
46 silly resolved        'manager',
46 silly resolved        'switcher',
46 silly resolved        'node',
46 silly resolved        'binary',
46 silly resolved        'env' ],
46 silly resolved     bin: { n: './bin/n' },
46 silly resolved     repository: { type: 'git', url: 'git://github.com/tj/n.git' },
46 silly resolved     preferGlobal: true,
46 silly resolved     os: [ '!win32' ],
46 silly resolved     engines: { node: '*' },
46 silly resolved     license: 'MIT',
46 silly resolved     gitHead: '2a400cc83570535d0f5aa9f4dbae793095abc31f',
46 silly resolved     _id: 'n@2.0.1',
46 silly resolved     scripts: {},
46 silly resolved     _shasum: 'b327196797e9cd2d48f6d1fe6a8191ec4a92c4c1',
46 silly resolved     _from: 'n@',
46 silly resolved     _npmVersion: '2.11.3',
46 silly resolved     _nodeVersion: '0.12.7',
46 silly resolved     _npmUser: { name: 'maxrimue', email: 'max.rittmueller@gmail.com' },
46 silly resolved     dist:
46 silly resolved      { shasum: 'b327196797e9cd2d48f6d1fe6a8191ec4a92c4c1',
46 silly resolved        tarball: 'http://registry.npmjs.org/n/-/n-2.0.1.tgz' },
46 silly resolved     maintainers: [ [Object], [Object], [Object], [Object], [Object], [Object] ],
46 silly resolved     directories: {},
46 silly resolved     _resolved: 'https://registry.npmjs.org/n/-/n-2.0.1.tgz' } ]
47 info install n@2.0.1 into C:\Users\ssumit\AppData\Roaming\npm
48 info installOne n@2.0.1
49 error notsup Unsupported
49 error notsup Not compatible with your operating system or architecture: n@2.0.1
49 error notsup Valid OS:    !win32
49 error notsup Valid Arch:  any
49 error notsup Actual OS:   win32
49 error notsup Actual Arch: x64
50 error System Windows_NT 6.1.7601
51 error command "C:\\Program Files\\nodejs\\node.exe" "C:\\Program Files\\nodejs\\node_modules\\npm\\bin\\npm-cli.js" "install" "-g" "n"
52 error cwd C:\Users\ssumit\Projects\feedAggregator
53 error node -v v0.10.32
54 error npm -v 1.4.28
55 error code EBADPLATFORM
56 verbose exit [ 1, true ]
